WARNING: This is a development server. Do not use it in a production deployment. Use a production WSGI server instead.
 * Running on http://127.0.0.1:5000
Press CTRL+C to quit
[2026-04-16 00:06:15,501] ERROR in app: Exception on /api/auth/login [POST]
Traceback (most recent call last):
  File "C:\Users\joaop\OneDrive\Documentos\ProgramańŃo\web\sistema de acesso\.venv-win\Lib\site-packages\sqlalchemy\engine\base.py", line 143, in __init__
    self._dbapi_connection = engine.raw_connection()
                             ~~~~~~~~~~~~~~~~~~~~~^^
  File "C:\Users\joaop\OneDrive\Documentos\ProgramańŃo\web\sistema de acesso\.venv-win\Lib\site-packages\sqlalchemy\engine\base.py", line 3317, in raw_connection
    return self.pool.connect()
           ~~~~~~~~~~~~~~~~~^^
  File "C:\Users\joaop\OneDrive\Documentos\ProgramańŃo\web\sistema de acesso\.venv-win\Lib\site-packages\sqlalchemy\pool\base.py", line 448, in connect
    return _ConnectionFairy._checkout(self)
           ~~~~~~~~~~~~~~~~~~~~~~~~~~^^^^^^
  File "C:\Users\joaop\OneDrive\Documentos\ProgramańŃo\web\sistema de acesso\.venv-win\Lib\site-packages\sqlalchemy\pool\base.py", line 1272, in _checkout
    fairy = _ConnectionRecord.checkout(pool)
  File "C:\Users\joaop\OneDrive\Documentos\ProgramańŃo\web\sistema de acesso\.venv-win\Lib\site-packages\sqlalchemy\pool\base.py", line 712, in checkout
    rec = pool._do_get()
  File "C:\Users\joaop\OneDrive\Documentos\ProgramańŃo\web\sistema de acesso\.venv-win\Lib\site-packages\sqlalchemy\pool\impl.py", line 177, in _do_get
    with util.safe_reraise():
         ~~~~~~~~~~~~~~~~~^^
  File "C:\Users\joaop\OneDrive\Documentos\ProgramańŃo\web\sistema de acesso\.venv-win\Lib\site-packages\sqlalchemy\util\langhelpers.py", line 121, in __exit__
    raise exc_value.with_traceback(exc_tb)
  File "C:\Users\joaop\OneDrive\Documentos\ProgramańŃo\web\sistema de acesso\.venv-win\Lib\site-packages\sqlalchemy\pool\impl.py", line 175, in _do_get
    return self._create_connection()
           ~~~~~~~~~~~~~~~~~~~~~~~^^
  File "C:\Users\joaop\OneDrive\Documentos\ProgramańŃo\web\sistema de acesso\.venv-win\Lib\site-packages\sqlalchemy\pool\base.py", line 389, in _create_connection
    return _ConnectionRecord(self)
  File "C:\Users\joaop\OneDrive\Documentos\ProgramańŃo\web\sistema de acesso\.venv-win\Lib\site-packages\sqlalchemy\pool\base.py", line 674, in __init__
    self.__connect()
    ~~~~~~~~~~~~~~^^
  File "C:\Users\joaop\OneDrive\Documentos\ProgramańŃo\web\sistema de acesso\.venv-win\Lib\site-packages\sqlalchemy\pool\base.py", line 900, in __connect
    with util.safe_reraise():
         ~~~~~~~~~~~~~~~~~^^
  File "C:\Users\joaop\OneDrive\Documentos\ProgramańŃo\web\sistema de acesso\.venv-win\Lib\site-packages\sqlalchemy\util\langhelpers.py", line 121, in __exit__
    raise exc_value.with_traceback(exc_tb)
  File "C:\Users\joaop\OneDrive\Documentos\ProgramańŃo\web\sistema de acesso\.venv-win\Lib\site-packages\sqlalchemy\pool\base.py", line 896, in __connect
    self.dbapi_connection = connection = pool._invoke_creator(self)
                                         ~~~~~~~~~~~~~~~~~~~~^^^^^^
  File "C:\Users\joaop\OneDrive\Documentos\ProgramańŃo\web\sistema de acesso\.venv-win\Lib\site-packages\sqlalchemy\engine\create.py", line 667, in connect
    return dialect.connect(*cargs_tup, **cparams)
           ~~~~~~~~~~~~~~~^^^^^^^^^^^^^^^^^^^^^^^
  File "C:\Users\joaop\OneDrive\Documentos\ProgramańŃo\web\sistema de acesso\.venv-win\Lib\site-packages\sqlalchemy\engine\default.py", line 630, in connect
    return self.loaded_dbapi.connect(*cargs, **cparams)  # type: ignore[no-any-return]  # NOQA: E501
           ~~~~~~~~~~~~~~~~~~~~~~~~~^^^^^^^^^^^^^^^^^^^
pyodbc.InterfaceError: ('IM002', '[IM002] [Microsoft][ODBC Driver Manager] Nome da fonte de dados nŃo encontrado e nenhum driver padrŃo especificado (0) (SQLDriverConnect)')

The above exception was the direct cause of the following exception:

Traceback (most recent call last):
  File "C:\Users\joaop\OneDrive\Documentos\ProgramańŃo\web\sistema de acesso\.venv-win\Lib\site-packages\flask\app.py", line 1511, in wsgi_app
    response = self.full_dispatch_request()
  File "C:\Users\joaop\OneDrive\Documentos\ProgramańŃo\web\sistema de acesso\.venv-win\Lib\site-packages\flask\app.py", line 919, in full_dispatch_request
    rv = self.handle_user_exception(e)
  File "C:\Users\joaop\OneDrive\Documentos\ProgramańŃo\web\sistema de acesso\.venv-win\Lib\site-packages\flask_cors\extension.py", line 194, in wrapped_function
    return cors_after_request(app.make_response(f(*args, **kwargs)))
                                                ~^^^^^^^^^^^^^^^^^
  File "C:\Users\joaop\OneDrive\Documentos\ProgramańŃo\web\sistema de acesso\.venv-win\Lib\site-packages\flask\app.py", line 917, in full_dispatch_request
    rv = self.dispatch_request()
  File "C:\Users\joaop\OneDrive\Documentos\ProgramańŃo\web\sistema de acesso\.venv-win\Lib\site-packages\flask\app.py", line 902, in dispatch_request
    return self.ensure_sync(self.view_functions[rule.endpoint])(**view_args)  # type: ignore[no-any-return]
           ~~~~~~~~~~~~~~~~~~~~~~~~~~~~~~~~~~~~~~~~~~~~~~~~~~~~^^^^^^^^^^^^^
  File "C:\Users\joaop\OneDrive\Documentos\ProgramańŃo\web\sistema de acesso\backend\app\auth\routes.py", line 55, in login
    user = User.query.filter_by(username=username).first()
  File "C:\Users\joaop\OneDrive\Documentos\ProgramańŃo\web\sistema de acesso\.venv-win\Lib\site-packages\sqlalchemy\orm\query.py", line 2766, in first
    return self.limit(1)._iter().first()  # type: ignore
           ~~~~~~~~~~~~~~~~~~~^^
  File "C:\Users\joaop\OneDrive\Documentos\ProgramańŃo\web\sistema de acesso\.venv-win\Lib\site-packages\sqlalchemy\orm\query.py", line 2864, in _iter
    result: Union[ScalarResult[_T], Result[_T]] = self.session.execute(
                                                  ~~~~~~~~~~~~~~~~~~~~^
        statement,
        ^^^^^^^^^^
        params,
        ^^^^^^^
        execution_options={"_sa_orm_load_options": self.load_options},
        ^^^^^^^^^^^^^^^^^^^^^^^^^^^^^^^^^^^^^^^^^^^^^^^^^^^^^^^^^^^^^^
    )
    ^
  File "C:\Users\joaop\OneDrive\Documentos\ProgramańŃo\web\sistema de acesso\.venv-win\Lib\site-packages\sqlalchemy\orm\session.py", line 2351, in execute
    return self._execute_internal(
           ~~~~~~~~~~~~~~~~~~~~~~^
        statement,
        ^^^^^^^^^^
    ...<4 lines>...
        _add_event=_add_event,
        ^^^^^^^^^^^^^^^^^^^^^^
    )
    ^
  File "C:\Users\joaop\OneDrive\Documentos\ProgramańŃo\web\sistema de acesso\.venv-win\Lib\site-packages\sqlalchemy\orm\session.py", line 2239, in _execute_internal
    conn = self._connection_for_bind(bind)
  File "C:\Users\joaop\OneDrive\Documentos\ProgramańŃo\web\sistema de acesso\.venv-win\Lib\site-packages\sqlalchemy\orm\session.py", line 2108, in _connection_for_bind
    return trans._connection_for_bind(engine, execution_options)
           ~~~~~~~~~~~~~~~~~~~~~~~~~~^^^^^^^^^^^^^^^^^^^^^^^^^^^
  File "<string>", line 2, in _connection_for_bind
  File "C:\Users\joaop\OneDrive\Documentos\ProgramańŃo\web\sistema de acesso\.venv-win\Lib\site-packages\sqlalchemy\orm\state_changes.py", line 137, in _go
    ret_value = fn(self, *arg, **kw)
  File "C:\Users\joaop\OneDrive\Documentos\ProgramańŃo\web\sistema de acesso\.venv-win\Lib\site-packages\sqlalchemy\orm\session.py", line 1187, in _connection_for_bind
    conn = bind.connect()
  File "C:\Users\joaop\OneDrive\Documentos\ProgramańŃo\web\sistema de acesso\.venv-win\Lib\site-packages\sqlalchemy\engine\base.py", line 3293, in connect
    return self._connection_cls(self)
           ~~~~~~~~~~~~~~~~~~~~^^^^^^
  File "C:\Users\joaop\OneDrive\Documentos\ProgramańŃo\web\sistema de acesso\.venv-win\Lib\site-packages\sqlalchemy\engine\base.py", line 145, in __init__
    Connection._handle_dbapi_exception_noconnection(
    ~~~~~~~~~~~~~~~~~~~~~~~~~~~~~~~~~~~~~~~~~~~~~~~^
        err, dialect, engine
        ^^^^^^^^^^^^^^^^^^^^
    )
    ^
  File "C:\Users\joaop\OneDrive\Documentos\ProgramańŃo\web\sistema de acesso\.venv-win\Lib\site-packages\sqlalchemy\engine\base.py", line 2448, in _handle_dbapi_exception_noconnection
    raise sqlalchemy_exception.with_traceback(exc_info[2]) from e
  File "C:\Users\joaop\OneDrive\Documentos\ProgramańŃo\web\sistema de acesso\.venv-win\Lib\site-packages\sqlalchemy\engine\base.py", line 143, in __init__
    self._dbapi_connection = engine.raw_connection()
                             ~~~~~~~~~~~~~~~~~~~~~^^
  File "C:\Users\joaop\OneDrive\Documentos\ProgramańŃo\web\sistema de acesso\.venv-win\Lib\site-packages\sqlalchemy\engine\base.py", line 3317, in raw_connection
    return self.pool.connect()
           ~~~~~~~~~~~~~~~~~^^
  File "C:\Users\joaop\OneDrive\Documentos\ProgramańŃo\web\sistema de acesso\.venv-win\Lib\site-packages\sqlalchemy\pool\base.py", line 448, in connect
    return _ConnectionFairy._checkout(self)
           ~~~~~~~~~~~~~~~~~~~~~~~~~~^^^^^^
  File "C:\Users\joaop\OneDrive\Documentos\ProgramańŃo\web\sistema de acesso\.venv-win\Lib\site-packages\sqlalchemy\pool\base.py", line 1272, in _checkout
    fairy = _ConnectionRecord.checkout(pool)
  File "C:\Users\joaop\OneDrive\Documentos\ProgramańŃo\web\sistema de acesso\.venv-win\Lib\site-packages\sqlalchemy\pool\base.py", line 712, in checkout
    rec = pool._do_get()
  File "C:\Users\joaop\OneDrive\Documentos\ProgramańŃo\web\sistema de acesso\.venv-win\Lib\site-packages\sqlalchemy\pool\impl.py", line 177, in _do_get
    with util.safe_reraise():
         ~~~~~~~~~~~~~~~~~^^
  File "C:\Users\joaop\OneDrive\Documentos\ProgramańŃo\web\sistema de acesso\.venv-win\Lib\site-packages\sqlalchemy\util\langhelpers.py", line 121, in __exit__
    raise exc_value.with_traceback(exc_tb)
  File "C:\Users\joaop\OneDrive\Documentos\ProgramańŃo\web\sistema de acesso\.venv-win\Lib\site-packages\sqlalchemy\pool\impl.py", line 175, in _do_get
    return self._create_connection()
           ~~~~~~~~~~~~~~~~~~~~~~~^^
  File "C:\Users\joaop\OneDrive\Documentos\ProgramańŃo\web\sistema de acesso\.venv-win\Lib\site-packages\sqlalchemy\pool\base.py", line 389, in _create_connection
    return _ConnectionRecord(self)
  File "C:\Users\joaop\OneDrive\Documentos\ProgramańŃo\web\sistema de acesso\.venv-win\Lib\site-packages\sqlalchemy\pool\base.py", line 674, in __init__
    self.__connect()
    ~~~~~~~~~~~~~~^^
  File "C:\Users\joaop\OneDrive\Documentos\ProgramańŃo\web\sistema de acesso\.venv-win\Lib\site-packages\sqlalchemy\pool\base.py", line 900, in __connect
    with util.safe_reraise():
         ~~~~~~~~~~~~~~~~~^^
  File "C:\Users\joaop\OneDrive\Documentos\ProgramańŃo\web\sistema de acesso\.venv-win\Lib\site-packages\sqlalchemy\util\langhelpers.py", line 121, in __exit__
    raise exc_value.with_traceback(exc_tb)
  File "C:\Users\joaop\OneDrive\Documentos\ProgramańŃo\web\sistema de acesso\.venv-win\Lib\site-packages\sqlalchemy\pool\base.py", line 896, in __connect
    self.dbapi_connection = connection = pool._invoke_creator(self)
                                         ~~~~~~~~~~~~~~~~~~~~^^^^^^
  File "C:\Users\joaop\OneDrive\Documentos\ProgramańŃo\web\sistema de acesso\.venv-win\Lib\site-packages\sqlalchemy\engine\create.py", line 667, in connect
    return dialect.connect(*cargs_tup, **cparams)
           ~~~~~~~~~~~~~~~^^^^^^^^^^^^^^^^^^^^^^^
  File "C:\Users\joaop\OneDrive\Documentos\ProgramańŃo\web\sistema de acesso\.venv-win\Lib\site-packages\sqlalchemy\engine\default.py", line 630, in connect
    return self.loaded_dbapi.connect(*cargs, **cparams)  # type: ignore[no-any-return]  # NOQA: E501
           ~~~~~~~~~~~~~~~~~~~~~~~~~^^^^^^^^^^^^^^^^^^^
sqlalchemy.exc.InterfaceError: (pyodbc.InterfaceError) ('IM002', '[IM002] [Microsoft][ODBC Driver Manager] Nome da fonte de dados nŃo encontrado e nenhum driver padrŃo especificado (0) (SQLDriverConnect)')
(Background on this error at: https://sqlalche.me/e/20/rvf5)
127.0.0.1 - - [16/Apr/2026 00:06:15] "POST /api/auth/login HTTP/1.1" 500 -
